<?xml version="1.0" encoding="UTF-8"?>
<testsuite name="simples.Artigo" tests="1" skipped="0" failures="0" errors="0" timestamp="2021-03-20T15:56:27" hostname="DESKTOP-6PV9NUR" time="6.79">
  <properties/>
  <testcase name="consultarArtigo" classname="simples.Artigo" time="6.79"/>
  <system-out><![CDATA[]]></system-out>
  <system-err><![CDATA[Starting ChromeDriver 88.0.4324.96 (68dba2d8a0b149a1d3afac56fa74648032bcf46b-refs/branch-heads/4324@{#1784}) on port 7748
Only local connections are allowed.
Please see https://chromedriver.chromium.org/security-considerations for suggestions on keeping ChromeDriver safe.
ChromeDriver was started successfully.
[1616255790.062][WARNING]: This version of ChromeDriver has not been tested with Chrome version 89.
Mar 20, 2021 12:56:30 PM org.openqa.selenium.remote.ProtocolHandshake createSession
INFO: Detected dialect: W3C
]]></system-err>
</testsuite>
